Outputs/build/intermediates/manifest_merge_blame_file/debug/manifest-merger-blame-debug-report.txt
1<?xml version="1.0" encoding="utf-8"?>
2<manifest xmlns:android="http://schemas.android.com/apk/res/android"
3    package="com.tareas.juegoleccionappinventor"
4    android:versionCode="1"
5    android:versionName="1.0" >
6
7    <uses-sdk
8        android:minSdkVersion="19"
8-->src\main\AndroidManifest.xml
9        android:targetSdkVersion="31" />
9-->src\main\AndroidManifest.xml
10
11    <application
11-->src\main\AndroidManifest.xml:5:5-26:19
12        android:allowBackup="true"
12-->src\main\AndroidManifest.xml:6:9-35
13        android:appComponentFactory="androidx.core.app.CoreComponentFactory"
13-->[androidx.core:core:1.5.0] AndroidManifest.xml:24:18-86
14        android:debuggable="true"
15        android:icon="@mipmap/ic_launcher"
15-->src\main\AndroidManifest.xml:7:9-43
16        android:label="@string/app_name"
16-->src\main\AndroidManifest.xml:8:9-41
17        android:roundIcon="@mipmap/ic_launcher_round"
17-->src\main\AndroidManifest.xml:9:9-54
18        android:supportsRtl="true"
18-->src\main\AndroidManifest.xml:10:9-35
19        android:theme="@style/Theme.JuegoLeccionAppInventor" >
19-->src\main\AndroidManifest.xml:11:9-61
20        <activity
20-->src\main\AndroidManifest.xml:12:9-15:57
21            android:name="com.tareas.juegoleccionappinventor.Juego"
21-->src\main\AndroidManifest.xml:13:13-34
22            android:exported="false"
22-->src\main\AndroidManifest.xml:14:13-37
23            android:screenOrientation="sensorPortrait" />
23-->src\main\AndroidManifest.xml:15:13-55
24        <activity
24-->src\main\AndroidManifest.xml:16:9-25:20
25            android:name="com.tareas.juegoleccionappinventor.MainActivity"
25-->src\main\AndroidManifest.xml:17:13-41
26            android:exported="true"
26-->src\main\AndroidManifest.xml:18:13-36
27            android:screenOrientation="sensorPortrait" >
27-->src\main\AndroidManifest.xml:19:13-55
28            <intent-filter>
28-->src\main\AndroidManifest.xml:20:13-24:29
29                <action android:name="android.intent.action.MAIN" />
29-->src\main\AndroidManifest.xml:21:17-69
29-->src\main\AndroidManifest.xml:21:25-66
30
31                <category android:name="android.intent.category.LAUNCHER" />
31-->src\main\AndroidManifest.xml:23:17-77
31-->src\main\AndroidManifest.xml:23:27-74
32            </intent-filter>
33        </activity>
34    </application>
35
36</manifest>